2019-06-16 16:16:58 INFO  root:9 - Application Started
2019-06-16 16:16:58 WARN  root:14 - Open failed, creating new file
2019-06-16 16:16:58 INFO  root:9 - New User 0, Jean Luc created.
2019-06-16 16:16:58 INFO  root:9 - Car 1000, license 12138387, created.
2019-06-16 16:16:58 INFO  root:9 - Car 1001, license 224745, created.
2019-06-16 16:16:58 INFO  root:9 - Car 1002, license 15658395, created.
2019-06-16 16:16:58 INFO  root:9 - Car 1003, license 15658395, created.
2019-06-16 16:16:58 INFO  root:9 - Car 1004, license 15658395, created.
2019-06-16 16:17:17 INFO  root:9 - Application Started
2019-06-16 16:17:17 WARN  root:14 - Open failed, creating new file
2019-06-16 16:17:17 INFO  root:9 - New User 0, Jean Luc created.
2019-06-16 16:17:17 INFO  root:9 - Car 1000, license 8960120, created.
2019-06-16 16:17:17 INFO  root:9 - Car 1001, license 4077101, created.
2019-06-16 16:17:17 INFO  root:9 - Car 1002, license 4077101, created.
2019-06-16 16:17:17 INFO  root:9 - Car 1003, license 4077101, created.
2019-06-16 16:17:17 INFO  root:9 - Car 1004, license 4077101, created.
2019-06-16 16:19:08 INFO  root:9 - New User 1, Will created.
2019-06-16 16:19:08 INFO  root:9 - Saving file
2019-06-16 16:19:08 INFO  root:9 - Saved Successfully
2019-06-16 16:19:25 INFO  root:9 - New User 100, Billy created.
2019-06-16 16:19:25 INFO  root:9 - Saving file
2019-06-16 16:19:25 INFO  root:9 - Saved Successfully
2019-06-16 16:29:45 INFO  root:9 - Application Started
2019-06-16 16:29:45 INFO  root:9 - Opening file
2019-06-16 16:40:24 INFO  root:9 - Application Started
2019-06-16 16:40:24 INFO  root:9 - Opening file
2019-06-16 16:40:24 INFO  root:9 - Opened Successfully
2019-06-16 16:42:14 INFO  root:9 - Application Started
2019-06-16 16:42:14 INFO  root:9 - Opening file
2019-06-16 16:42:19 INFO  root:9 - Opened Successfully
2019-06-16 16:43:34 INFO  root:9 - Application Started
2019-06-16 16:43:34 INFO  root:9 - Opening file
2019-06-16 16:43:34 INFO  root:9 - Opened Successfully
2019-06-16 16:48:01 INFO  root:9 - Application Started
2019-06-16 16:48:01 INFO  root:9 - Opening file
2019-06-16 16:48:01 INFO  root:9 - Opened Successfully
2019-06-16 16:49:59 INFO  root:9 - Application Started
2019-06-16 16:49:59 INFO  root:9 - Opening file
2019-06-16 16:49:59 INFO  root:9 - Opened Successfully
2019-06-16 16:50:29 INFO  root:9 - Saving file
2019-06-16 16:50:29 INFO  root:9 - Saved Successfully
2019-06-16 16:50:29 INFO  root:9 - Application Ended
